SF:lib\src\models\AstecaModel.dart
DA:22,0
SF:lib\src\models\departament_model.dart
DA:7,1
DA:15,1
DA:16,1
DA:17,1
DA:18,1
DA:19,1
DA:20,1
DA:21,1
DA:24,0
DA:25,0
DA:26,0
DA:27,0
DA:28,0
DA:29,0
DA:30,0
LF:15
LH:8
end_of_record
SF:lib\src\models\subfuncionalities_model.dart
DA:13,2
DA:24,1
DA:25,1
DA:26,1
DA:27,1
DA:28,1
DA:29,1
DA:33,2
DA:34,2
DA:35,4
DA:36,4
DA:37,4
DA:39,4
LF:13
LH:13
end_of_record
SF:lib\src\repositories\departament_repository.dart
DA:17,1
DA:21,0
DA:22,0
DA:24,0
DA:25,0
DA:27,0
DA:29,0
DA:33,1
DA:34,4
DA:36,2
DA:37,2
DA:39,1
DA:40,3
DA:41,1
DA:44,1
DA:48,1
DA:50,4
DA:51,2
DA:53,2
DA:54,2
DA:56,1
DA:57,1
DA:58,2
DA:59,1
DA:62,1
DA:67,1
DA:70,3
DA:71,1
DA:73,3
DA:74,1
DA:75,2
DA:78,2
DA:81,1
DA:86,0
DA:87,0
DA:88,0
DA:89,0
DA:92,0
DA:93,0
DA:97,0
DA:98,0
DA:99,0
DA:102,0
DA:105,0
DA:106,0
DA:110,0
DA:111,0
DA:112,0
DA:113,0
DA:115,0
DA:116,0
DA:119,0
LF:52
LH:27
end_of_record
SF:lib\src\shared\exceptions\departament_exception.dart
DA:4,1
DA:6,0
DA:10,0
LF:3
LH:1
end_of_record
SF:lib\src\shared\exceptions\funcionalities_exception.dart
DA:4,2
DA:6,0
DA:10,0
LF:3
LH:1
end_of_record
SF:lib\src\shared\services\gpp_api.dart
DA:16,0
DA:17,0
DA:20,3
DA:21,3
DA:22,0
DA:23,0
DA:25,3
DA:28,3
DA:31,3
DA:33,12
DA:35,12
DA:38,0
DA:39,0
DA:43,1
DA:45,3
DA:46,5
DA:49,0
DA:50,0
DA:54,0
DA:56,0
DA:57,0
DA:60,0
DA:61,0
DA:65,1
DA:66,3
DA:67,4
DA:72,0
DA:73,0
DA:74,0
DA:80,9
LF:30
LH:14
end_of_record
SF:lib\src\models\asteca_end_cliente_model.dart
DA:15,0
DA:29,0
DA:30,0
DA:31,0
DA:32,0
DA:33,0
DA:34,0
DA:35,0
DA:36,0
DA:37,0
DA:38,0
DA:39,0
DA:40,0
DA:41,0
DA:42,0
DA:43,0
DA:44,0
DA:45,0
DA:46,0
DA:47,0
DA:48,0
DA:49,0
DA:51,0
DA:52,0
DA:53,0
DA:54,0
DA:55,0
DA:56,0
DA:57,0
DA:59,0
DA:60,0
DA:61,0
DA:62,0
DA:63,0
DA:66,0
DA:67,0
DA:68,0
DA:69,0
DA:70,0
DA:71,0
DA:72,0
DA:73,0
DA:74,0
DA:75,0
DA:77,0
DA:78,0
DA:79,0
DA:80,0
DA:82,0
DA:83,0
LF:40
LH:0
end_of_record
SF:lib\src\repositories\AstecaRepository.dart
DA:17,1
DA:18,7
DA:20,2
DA:21,0
DA:23,0
DA:25,3
DA:30,0
DA:32,0
DA:33,0
DA:34,0
DA:35,0
LF:28
LH:0
end_of_record
SF:lib\src\models\asteca_model.dart
DA:21,0
DA:36,0
DA:37,0
DA:38,0
DA:39,0
DA:42,0
DA:44,0
DA:45,0
DA:47,0
DA:50,0
DA:51,0
DA:53,0
DA:257,0
DA:258,0
DA:260,0
DA:261,0
DA:264,0
DA:267,0
DA:272,0
DA:273,0
DA:275,0
DA:278,0
LF:32
LH:4
end_of_record
SF:lib\src\shared\services\gpp_api.dart
DA:16,0
DA:17,0
DA:20,4
DA:21,4
DA:22,0
DA:23,0
DA:25,4
DA:28,4
DA:31,4
DA:34,12
DA:35,4
DA:37,4
DA:38,8
DA:39,4
DA:42,0
DA:43,0
DA:47,1
DA:49,3
DA:50,1
DA:51,3
DA:52,1
DA:55,0
DA:56,0
DA:60,2
DA:61,6
DA:63,8
DA:68,0
DA:69,0
DA:70,0
DA:76,12
LF:30
LH:19
end_of_record
SF:lib\src\models\asteca_end_cliente_model.dart
DA:15,0
DA:48,0
DA:50,0
DA:51,0
DA:53,0
DA:54,0
DA:55,0
DA:56,0
DA:58,0
DA:60,0
DA:61,0
DA:62,0
DA:63,0
DA:64,0
DA:65,0
DA:66,0
DA:67,0
DA:68,0
DA:69,0
DA:71,0
DA:72,0
DA:73,0
DA:74,0
DA:76,0
DA:77,0
LF:36
LH:0
end_of_record
SF:lib\src\models\asteca_motivo_model.dart
DA:5,0
DA:7,0
DA:8,0
DA:9,0
DA:10,0
DA:13,0
DA:14,0
DA:15,0
DA:16,0
LF:9
LH:0
end_of_record
SF:lib\src\models\asteca_tipo_pendencia_model.dart
DA:4,0
DA:9,0
DA:10,0
DA:11,0
DA:12,0
DA:15,0
DA:16,0
DA:17,0
DA:18,0
LF:9
LH:0
end_of_record
SF:lib\src\models\documento_fiscal_model.dart
DA:14,0
DA:25,0
DA:26,0
DA:27,0
DA:28,0
DA:29,0
DA:30,0
DA:31,0
DA:32,0
DA:33,0
DA:34,0
DA:35,0
DA:36,0
DA:37,0
DA:38,0
DA:39,0
DA:40,0
DA:41,0
DA:40,0
DA:41,0
DA:42,0
DA:43,0
DA:44,0
DA:45,0
DA:46,0
DA:47,0
DA:48,0
DA:49,0
DA:50,0
DA:51,0
DA:52,0
DA:53,0
DA:54,0
DA:55,0
DA:56,0
DA:57,0
LF:28
LH:0
end_of_record
SF:lib\src\models\asteca_motivo_model.dart
LF:25
LH:0
end_of_record
SF:lib\src\models\funcionario_model.dart
DA:5,0
DA:7,0
DA:8,0
DA:9,0
DA:12,0
DA:13,0
DA:14,0
DA:15,0
LF:8
LH:0
end_of_record
SF:lib\src\models\produto_model.dart
DA:8,0
DA:10,0
DA:11,0
DA:12,0
DA:13,0
DA:14,0
DA:15,0
DA:19,0
DA:20,0
DA:21,0
DA:22,0
DA:23,0
DA:24,0
LF:13
LH:0
end_of_record
SF:lib\src\models\cliente_model.dart
DA:5,0
DA:7,0
DA:8,0
DA:9,0
DA:12,0
DA:13,0
DA:14,0
DA:15,0
DA:16,0
LF:9
LH:0
end_of_record
SF:lib\src\models\asteca_tipo_pendencia_model.dart
DA:4,0
LF:8
LH:0
end_of_record
SF:lib\src\models\item_doc_fiscal_model.dart
DA:4,0
DA:6,0
DA:7,0
DA:10,0
DA:11,0
DA:12,0
LF:6
LH:0
end_of_record
SF:lib\src\models\fornecedor_model.dart
DA:7,0
DA:9,0
DA:10,0
DA:11,0
DA:12,0
DA:15,0
DA:16,0
DA:17,0
DA:18,0
DA:19,0
LF:10
LH:0
end_of_record
SF:lib\src\models\documento_fiscal_model.dart
DA:15,0
DA:28,0
SF:lib\src\repositories\asteca_repository.dart
DA:14,1
DA:15,7
DA:17,2
DA:18,0
DA:20,0
DA:22,3
DA:27,0
DA:29,0
DA:30,0
DA:31,0
DA:32,0
DA:33,0
DA:34,0
DA:35,0
DA:36,0
DA:37,0
DA:38,0
DA:39,0
DA:41,0
DA:42,0
DA:46,0
DA:47,0
DA:48,0
DA:49,0
DA:50,0
DA:51,0
DA:52,0
DA:53,0
DA:54,0
DA:55,0
DA:56,0
DA:57,0
LF:27
LH:0
end_of_record
SF:lib\src\models\funcionario_model.dart
DA:5,0
DA:7,0
DA:8,0
DA:9,0
DA:12,0
DA:13,0
DA:14,0
DA:15,0
LF:8
LH:0
end_of_record
SF:lib\src\models\produto_model.dart
DA:8,0
DA:10,0
DA:11,0
DA:12,0
DA:13,0
DA:14,0
DA:15,0
DA:19,0
DA:20,0
DA:21,0
DA:22,0
DA:23,0
DA:24,0
LF:13
LH:0
end_of_record
SF:lib\src\models\PaginaModel.dart
DA:4,0
DA:9,0
DA:10,0
LF:3
LH:0
end_of_record
SF:lib\src\models\cliente_model.dart
DA:5,0
DA:7,0
DA:8,0
DA:9,0
DA:12,0
DA:13,0
DA:14,0
DA:15,0
LF:8
LH:0
end_of_record
SF:lib\src\models\item_doc_fiscal_model.dart
DA:4,0
DA:6,0
DA:7,0
DA:10,0
DA:11,0
DA:12,0
LF:6
LH:0
end_of_record
SF:lib\src\models\fornecedor_model.dart
DA:7,0
DA:9,0
DA:10,0
DA:11,0
DA:12,0
DA:16,0
DA:17,0
DA:18,0
DA:19,0
DA:20,0
LF:10
LH:0
end_of_record
SF:lib\src\shared\services\auth.dart
DA:3,12
DA:5,0
DA:6,0
DA:9,4
DA:10,8
DA:13,0
DA:14,0
DA:17,4
DA:18,8
LF:9
LH:5
end_of_record
SF:lib\src\models\departament_model.dart
DA:7,1
DA:15,0
DA:16,0
DA:17,0
DA:18,0
DA:19,0
DA:20,0
DA:21,0
DA:24,0
DA:25,0
DA:26,0
DA:27,0
DA:28,0
DA:29,0
DA:30,0
LF:15
LH:1
end_of_record
SF:lib\src\models\subfuncionalities_model.dart
DA:13,3
DA:24,1
DA:25,1
DA:26,1
DA:27,1
DA:28,1
DA:29,1
DA:33,2
DA:34,2
DA:35,4
DA:36,4
DA:37,4
DA:39,4
LF:13
LH:13
end_of_record
SF:lib\src\repositories\DepartamentoRepository.dart
DA:17,0
DA:18,0
DA:20,0
DA:21,0
DA:23,0
DA:25,0
DA:29,1
DA:30,4
DA:32,2
DA:33,2
DA:35,1
DA:36,1
DA:37,0
DA:40,0
DA:44,1
DA:46,4
DA:47,2
DA:49,2
DA:50,0
DA:52,0
DA:53,0
DA:54,0
DA:55,0
DA:58,1
DA:63,1
DA:66,3
DA:67,1
DA:69,3
DA:70,1
DA:71,2
DA:74,2
DA:77,1
DA:82,0
DA:83,0
DA:84,0
DA:85,0
DA:88,0
DA:89,0
DA:93,0
DA:94,0
DA:95,0
DA:98,0
DA:101,0
DA:102,0
DA:106,0
DA:107,0
DA:108,0
DA:109,0
DA:111,0
DA:112,0
DA:115,0
LF:51
LH:19
end_of_record
SF:lib\src\shared\exceptions\departament_exception.dart
DA:4,1
DA:6,1
DA:10,1
LF:3
LH:3
end_of_record
SF:lib\src\shared\exceptions\funcionalities_exception.dart
DA:4,2
DA:6,1
DA:10,1
LF:3
LH:3
end_of_record
SF:lib\src\models\FuncionalidadeModel.dart
DA:10,2
DA:19,2
DA:20,2
DA:21,2
DA:22,2
DA:23,2
DA:24,2
DA:25,2
DA:26,3
DA:27,1
DA:28,1
DA:38,0
DA:40,0
DA:41,0
DA:44,0
DA:47,0
LF:17
LH:4
end_of_record
SF:lib\src\shared\services\auth.dart
DA:3,9
DA:5,0
DA:6,0
DA:9,3
DA:10,6
DA:13,0
DA:14,0
DA:17,3
DA:18,6
LF:9
LH:5
end_of_record
SF:lib\src\models\FuncionalidadeModel.dart
DA:10,1
DA:19,1
DA:20,1
DA:21,1
DA:22,1
DA:23,1
DA:24,1
DA:25,1
DA:26,0
DA:27,0
DA:28,0
DA:33,1
DA:34,1
DA:35,2
DA:36,2
DA:37,2
DA:38,2
DA:39,1
DA:40,0
LF:19
LH:15
end_of_record
SF:lib\src\repositories\FuncionalidadeRepository.dart
DA:12,1
DA:16,0
DA:17,0
DA:19,0
DA:20,0
DA:22,0
DA:24,0
DA:28,1
DA:29,3
DA:31,2
DA:32,2
DA:35,1
DA:36,1
DA:37,1
DA:41,1
DA:45,1
DA:46,3
DA:48,4
DA:50,2
DA:53,1
DA:57,1
DA:58,3
DA:59,3
DA:60,1
DA:62,2
DA:65,1
DA:69,1
DA:70,3
DA:71,3
DA:74,2
DA:77,1
LF:31
LH:25
end_of_record
SF:lib\src\repositories\SubFuncionalidadeRepository.dart
SF:lib\src\repositories\subfuncionalities_repository.dart
DA:14,1
DA:16,5
DA:18,2
DA:19,0
DA:22,0
DA:23,0
DA:24,0
DA:28,1
DA:32,1
DA:34,3
DA:35,2
DA:37,2
DA:40,1
DA:44,1
DA:45,3
DA:46,1
DA:47,2
DA:48,1
DA:50,2
DA:53,1
DA:57,0
DA:59,0
DA:60,0
DA:63,0
DA:66,0
DA:67,0
LF:26
LH:16
end_of_record
SF:lib\src\shared\exceptions\subfuncionalities_exception.dart
DA:4,1
DA:6,1
DA:10,1
LF:3
LH:3
end_of_record
SF:lib\src\models\user_model.dart
DA:21,1
DA:40,1
DA:41,1
DA:42,1
DA:43,1
DA:44,1
DA:45,1
DA:46,1
DA:47,1
DA:48,1
DA:64,0
DA:65,0
DA:66,0
DA:67,0
DA:68,0
DA:69,0
DA:70,0
DA:71,0
DA:72,0
DA:73,0
DA:74,0
DA:75,0
DA:76,0
DA:77,0
DA:78,0
DA:79,0
DA:80,0
DA:81,0
LF:28
LH:10
end_of_record
SF:lib\src\repositories\UsuarioRepository.dart
DA:17,1
DA:18,4
DA:20,2
DA:21,0
DA:23,0
DA:25,1
DA:29,1
DA:30,4
DA:32,2
DA:33,2
DA:36,3
DA:37,1
DA:40,0
DA:45,1
DA:46,4
DA:48,2
DA:49,0
DA:51,0
DA:52,0
DA:53,0
DA:54,0
DA:57,1
DA:62,0
DA:65,0
DA:66,0
DA:68,0
DA:70,0
DA:71,0
DA:73,0
DA:76,0
DA:77,0
DA:81,1
DA:84,9
DA:86,2
DA:87,2
DA:90,1
DA:91,2
DA:92,1
DA:96,0
LF:34
LH:1
end_of_record
SF:lib\src\repositories\UsuarioRepository.dart
DA:17,1
DA:18,4
DA:20,2
DA:21,2
DA:23,0
DA:25,0
DA:29,1
DA:30,4
DA:32,2
DA:33,0
DA:36,0
DA:37,0
DA:40,3
DA:45,1
DA:46,4
DA:48,2
DA:49,0
DA:51,0
DA:52,0
DA:53,0
DA:54,0
DA:57,1
DA:62,0
DA:65,0
DA:66,0
DA:68,0
DA:70,0
DA:71,0
DA:73,0
DA:76,0
DA:77,0
DA:81,1
DA:84,9
DA:86,2
DA:87,0
DA:90,0
DA:91,0
DA:92,0
DA:96,3
DA:97,0
DA:101,0
DA:102,0
DA:104,0
DA:105,0
DA:106,0
DA:109,0
DA:110,0
LF:47
LH:21
LH:16
end_of_record
SF:lib\src\shared\exceptions\user_exception.dart
DA:4,1
DA:6,1
DA:10,1
LF:3
LH:3
end_of_record
